Determining if the pthread_create exist failed with the following output:
Change Dir: /homeshare/carolina/HighPerformanceComputing/Filtro_de_sobel/build/CMakeFiles/CMakeTmp

Run Build Command:"/usr/bin/make" "cmTC_31881/fast"
/usr/bin/make -f CMakeFiles/cmTC_31881.dir/build.make CMakeFiles/cmTC_31881.dir/build
make[1]: Entering directory '/homeshare/carolina/HighPerformanceComputing/Filtro_de_sobel/build/CMakeFiles/CMakeTmp'
Building C object CMakeFiles/cmTC_31881.dir/CheckSymbolExists.c.o
/usr/bin/cc    -fPIC    -o CMakeFiles/cmTC_31881.dir/CheckSymbolExists.c.o   -c /homeshare/carolina/HighPerformanceComputing/Filtro_de_sobel/build/CMakeFiles/CMakeTmp/CheckSymbolExists.c
Linking C executable cmTC_31881
/usr/bin/cmake -E cmake_link_script CMakeFiles/cmTC_31881.dir/link.txt --verbose=1
/usr/bin/cc  -fPIC     CMakeFiles/cmTC_31881.dir/CheckSymbolExists.c.o  -o cmTC_31881 -rdynamic 
CMakeFiles/cmTC_31881.dir/CheckSymbolExists.c.o: In function `main':
CheckSymbolExists.c:(.text+0x1b): undefined reference to `pthread_create'
collect2: error: ld returned 1 exit status
CMakeFiles/cmTC_31881.dir/build.make:97: recipe for target 'cmTC_31881' failed
make[1]: *** [cmTC_31881] Error 1
make[1]: Leaving directory '/homeshare/carolina/HighPerformanceComputing/Filtro_de_sobel/build/CMakeFiles/CMakeTmp'
Makefile:126: recipe for target 'cmTC_31881/fast' failed
make: *** [cmTC_31881/fast] Error 2

File /homeshare/carolina/HighPerformanceComputing/Filtro_de_sobel/build/CMakeFiles/CMakeTmp/CheckSymbolExists.c:
/* */
#include <pthread.h>

int main(int argc, char** argv)
{
  (void)argv;
#ifndef pthread_create
  return ((int*)(&pthread_create))[argc];
#else
  (void)argc;
  return 0;
#endif
}

Determining if the function pthread_create exists in the pthreads failed with the following output:
Change Dir: /homeshare/carolina/HighPerformanceComputing/Filtro_de_sobel/build/CMakeFiles/CMakeTmp

Run Build Command:"/usr/bin/make" "cmTC_6765b/fast"
/usr/bin/make -f CMakeFiles/cmTC_6765b.dir/build.make CMakeFiles/cmTC_6765b.dir/build
make[1]: Entering directory '/homeshare/carolina/HighPerformanceComputing/Filtro_de_sobel/build/CMakeFiles/CMakeTmp'
Building C object CMakeFiles/cmTC_6765b.dir/CheckFunctionExists.c.o
/usr/bin/cc    -fPIC -DCHECK_FUNCTION_EXISTS=pthread_create   -o CMakeFiles/cmTC_6765b.dir/CheckFunctionExists.c.o   -c /usr/share/cmake-3.5/Modules/CheckFunctionExists.c
Linking C executable cmTC_6765b
/usr/bin/cmake -E cmake_link_script CMakeFiles/cmTC_6765b.dir/link.txt --verbose=1
/usr/bin/cc  -fPIC -DCHECK_FUNCTION_EXISTS=pthread_create    CMakeFiles/cmTC_6765b.dir/CheckFunctionExists.c.o  -o cmTC_6765b -rdynamic -lpthreads 
/usr/bin/ld: cannot find -lpthreads
collect2: error: ld returned 1 exit status
CMakeFiles/cmTC_6765b.dir/build.make:97: recipe for target 'cmTC_6765b' failed
make[1]: *** [cmTC_6765b] Error 1
make[1]: Leaving directory '/homeshare/carolina/HighPerformanceComputing/Filtro_de_sobel/build/CMakeFiles/CMakeTmp'
Makefile:126: recipe for target 'cmTC_6765b/fast' failed
make: *** [cmTC_6765b/fast] Error 2


