mpi_mm has started with 32 tasks.
Initializing arrays...
Sending 388 elements to task 1 offset=0
Sending 388 elements to task 2 offset=388
Sending 388 elements to task 3 offset=776
Sending 387 elements to task 4 offset=1164
Sending 387 elements to task 5 offset=1551
Sending 387 elements to task 6 offset=1938
Sending 387 elements to task 7 offset=2325
Sending 387 elements to task 8 offset=2712
Sending 387 elements to task 9 offset=3099
Sending 387 elements to task 10 offset=3486
Sending 387 elements to task 11 offset=3873
Sending 387 elements to task 12 offset=4260
Sending 387 elements to task 13 offset=4647
Sending 387 elements to task 14 offset=5034
Sending 387 elements to task 15 offset=5421
Sending 387 elements to task 16 offset=5808
Sending 387 elements to task 17 offset=6195
Sending 387 elements to task 18 offset=6582
Sending 387 elements to task 19 offset=6969
Sending 387 elements to task 20 offset=7356
Sending 387 elements to task 21 offset=7743
Sending 387 elements to task 22 offset=8130
Sending 387 elements to task 23 offset=8517
Sending 387 elements to task 24 offset=8904
Sending 387 elements to task 25 offset=9291
Sending 387 elements to task 26 offset=9678
Sending 387 elements to task 27 offset=10065
Sending 387 elements to task 28 offset=10452
Sending 387 elements to task 29 offset=10839
Sending 387 elements to task 30 offset=11226
Sending 387 elements to task 31 offset=11613
Received results from task 1
Received results from task 2
Received results from task 3
Received results from task 4
Received results from task 5
Received results from task 6
Received results from task 7
Received results from task 8
Received results from task 9
Received results from task 10
Received results from task 11
Received results from task 12
Received results from task 13
Received results from task 14
Received results from task 15
Received results from task 16
Received results from task 17
Received results from task 18
Received results from task 19
Received results from task 20
Received results from task 21
Received results from task 22
Received results from task 23
Received results from task 24
Received results from task 25
Received results from task 26
Received results from task 27
Received results from task 28
Received results from task 29
Received results from task 30
Received results from task 31
Tiempo invertido = 1922.168176 s
Funciona!
